<?xml version="1.0" encoding="UTF-8"?>
<!-- Generated by org.testng.reporters.JUnitReportReporter -->
<testsuite hostname="DESKTOP-Q8RNE4M" failures="0" tests="1" name="com.testCases.AddCustomerTest" time="7.907" errors="0" timestamp="2024-07-23T16:08:19 IST" skipped="0">
  <testcase classname="com.testCases.AddCustomerTest" name="addCustomer" time="7.907"/>
  <system-out/>
</testsuite> <!-- com.testCases.AddCustomerTest -->
