<?xml version="1.0" encoding="UTF-8"?>
<!-- Generated by org.testng.reporters.JUnitReportReporter -->
<testsuite hostname="DESKTOP-Q8RNE4M" failures="0" tests="2" name="com.testCases.CustomerFunctionality" time="9.698" errors="0" timestamp="2024-08-05T14:44:47 IST" skipped="0">
  <testcase classname="com.testCases.CustomerFunctionality" name="loginAsCustomer" time="2.697"/>
  <system-out/>
  <testcase classname="com.testCases.CustomerFunctionality" name="testTransactions" time="7.001"/>
  <system-out/>
</testsuite> <!-- com.testCases.CustomerFunctionality -->
