<?xml version="1.0" encoding="UTF-8"?>
<!-- Generated by org.testng.reporters.JUnitReportReporter -->
<testsuite hostname="DESKTOP-Q8RNE4M" failures="0" tests="1" name="com.testCases.LoginTest" time="5.291" errors="0" timestamp="2024-07-23T16:08:19 IST" skipped="0">
  <testcase classname="com.testCases.LoginTest" name="loginAsbankManager" time="5.291"/>
  <system-out/>
</testsuite> <!-- com.testCases.LoginTest -->
