<?xml version="1.0" encoding="UTF-8"?>
<!-- Generated by org.testng.reporters.JUnitReportReporter -->
<testsuite hostname="DESKTOP-Q8RNE4M" failures="0" tests="7" name="com.testCases.BankmanagerFunctionality" time="28.546" errors="0" timestamp="2024-08-05T02:13:14 IST" skipped="0">
  <testcase classname="com.testCases.BankmanagerFunctionality" name="TestaddCustomer" time="3.164"/>
  <system-out>
Login Successfully executed  </system-out>
  <testcase classname="com.testCases.BankmanagerFunctionality" name="loginAsBankManager" time="6.581"/>
  <system-out/>
  <testcase classname="com.testCases.BankmanagerFunctionality" name="TestaddCustomer" time="2.864"/>
  <system-out>
Login Successfully executed  </system-out>
  <testcase classname="com.testCases.BankmanagerFunctionality" name="TestaddCustomer" time="2.921"/>
  <system-out>
Login Successfully executed  </system-out>
  <testcase classname="com.testCases.BankmanagerFunctionality" name="TestaddCustomer" time="2.801"/>
  <system-out>
Login Successfully executed  </system-out>
  <testcase classname="com.testCases.BankmanagerFunctionality" name="openAccountTest" time="8.581"/>
  <system-out>
Account opening Successfully executed  </system-out>
  <testcase classname="com.testCases.BankmanagerFunctionality" name="ViewAccountstest" time="1.634"/>
  <system-out/>
</testsuite> <!-- com.testCases.BankmanagerFunctionality -->
